<?xml version="1.0" encoding="UTF-8"?>
<!-- Generated by org.testng.reporters.JUnitReportReporter -->
<testsuite hostname="Kartiks-MacBook-Air.local" failures="0" tests="2" name="crm.testdata.LoginPageTest" time="25.503" errors="0" timestamp="2023-03-30T20:35:36 EDT" skipped="0">
  <testcase classname="crm.testdata.LoginPageTest" name="loginPageTitelTest" time="12.753"/>
  <system-out/>
  <testcase classname="crm.testdata.LoginPageTest" name="loginTest" time="12.750"/>
  <system-out/>
</testsuite> <!-- crm.testdata.LoginPageTest -->
