<?xml version="1.0" encoding="UTF-8"?>
<!-- Generated by org.testng.reporters.JUnitReportReporter -->
<testsuite hostname="Kartiks-MacBook-Air.local" failures="0" tests="1" name="crm.testcases.ContactsPageTest" time="28.706" errors="0" timestamp="2023-06-29T04:53:56 EDT" skipped="0">
  <testcase classname="crm.testcases.ContactsPageTest" name="selectSinglecontactTest" time="28.706"/>
  <system-out/>
</testsuite> <!-- crm.testcases.ContactsPageTest -->
