<?xml version="1.0" encoding="UTF-8"?>
<!-- Generated by org.testng.reporters.JUnitReportReporter -->
<testsuite hostname="Kartiks-MacBook-Air.local" failures="0" tests="6" name="crm.testcases.ContactsPageTest" time="188.277" errors="0" timestamp="2023-06-29T05:46:47 EDT" skipped="0">
  <testcase classname="crm.testcases.ContactsPageTest" name="verifyContactsPageLable" time="26.225"/>
  <system-out/>
  <testcase classname="crm.testcases.ContactsPageTest" name="selectSinglecontactTest" time="29.425"/>
  <system-out/>
  <testcase classname="crm.testcases.ContactsPageTest" name="selectMultiplecontactTest" time="27.679"/>
  <system-out/>
  <testcase classname="crm.testcases.ContactsPageTest" name="validateCreateNewContact" time="34.995"/>
  <system-out/>
  <testcase classname="crm.testcases.ContactsPageTest" name="validateCreateNewContact" time="34.628"/>
  <system-out/>
  <testcase classname="crm.testcases.ContactsPageTest" name="validateCreateNewContact" time="35.325"/>
  <system-out/>
</testsuite> <!-- crm.testcases.ContactsPageTest -->
