<?xml version="1.0" encoding="UTF-8"?>
<!-- Generated by org.testng.reporters.JUnitReportReporter -->
<testsuite hostname="Kartiks-MacBook-Air.local" failures="0" tests="3" name="crm.testcases.HomePageTest" time="61.323" errors="0" timestamp="2023-06-29T05:46:47 EDT" skipped="0">
  <testcase classname="crm.testcases.HomePageTest" name="verifyHomePageTitleTest" time="12.394"/>
  <system-out/>
  <testcase classname="crm.testcases.HomePageTest" name="verifyUserNameOnHomepageTest" time="23.803"/>
  <system-out/>
  <testcase classname="crm.testcases.HomePageTest" name="verifyContactsLinkTest" time="25.126"/>
  <system-out/>
</testsuite> <!-- crm.testcases.HomePageTest -->
