<?xml version="1.0" encoding="UTF-8"?>
<!-- Generated by org.testng.reporters.JUnitReportReporter -->
<testsuite hostname="Kartiks-MacBook-Air.local" failures="0" tests="2" name="crm.testcases.LoginPageTest" time="22.004" errors="0" timestamp="2023-06-29T05:46:47 EDT" skipped="0">
  <testcase classname="crm.testcases.LoginPageTest" name="loginPageTitelTest" time="9.383"/>
  <system-out/>
  <testcase classname="crm.testcases.LoginPageTest" name="loginTest" time="12.621"/>
  <system-out/>
</testsuite> <!-- crm.testcases.LoginPageTest -->
